{
  "stats": {
    "suites": 1,
    "tests": 4,
    "passes": 4,
    "pending": 0,
    "failures": 0,
    "start": "2023-04-25T05:26:08.804Z",
    "end": "2023-04-25T05:26:14.623Z",
    "duration": 5819,
    "testsRegistered": 4,
    "passPercent": 100,
    "pendingPercent": 0,
    "other": 0,
    "hasOther": false,
    "skipped": 0,
    "hasSkipped": false
  },
  "results": [
    {
      "uuid": "c8125cd0-4e4d-4d85-94c2-a6dabce52a0f",
      "title": "",
      "fullFile": "cypress\\integration\\test.spec.js",
      "file": "cypress\\integration\\test.spec.js",
      "beforeHooks": [],
      "afterHooks": [],
      "tests": [],
      "suites": [
        {
          "uuid": "c124212c-d929-4db9-8793-ebd451eafb98",
          "title": "My Website",
          "fullFile": "",
          "file": "",
          "beforeHooks": [],
          "afterHooks": [],
          "tests": [
            {
              "title": "should load the index page",
              "fullTitle": "My Website should load the index page",
              "timedOut": null,
              "duration": 3551,
              "state": "passed",
              "speed": "fast",
              "pass": true,
              "fail": false,
              "pending": false,
              "context": null,
              "code": "cy.visit('/');",
              "err": {},
              "uuid": "177dbaad-84b9-48f9-baa6-af3f0c756b0e",
              "parentUUID": "c124212c-d929-4db9-8793-ebd451eafb98",
              "isHook": false,
              "skipped": false
            },
            {
              "title": "should load the documentation page",
              "fullTitle": "My Website should load the documentation page",
              "timedOut": null,
              "duration": 671,
              "state": "passed",
              "speed": "fast",
              "pass": true,
              "fail": false,
              "pending": false,
              "context": null,
              "code": "cy.visit('/docs.html');",
              "err": {},
              "uuid": "fc56a410-13cb-4668-bda6-5be5f077dbf9",
              "parentUUID": "c124212c-d929-4db9-8793-ebd451eafb98",
              "isHook": false,
              "skipped": false
            },
            {
              "title": "should load the API page",
              "fullTitle": "My Website should load the API page",
              "timedOut": null,
              "duration": 1234,
              "state": "passed",
              "speed": "fast",
              "pass": true,
              "fail": false,
              "pending": false,
              "context": null,
              "code": "cy.visit('/api.html');",
              "err": {},
              "uuid": "e125651d-2d1c-4a0e-a2c9-97eaf84dfb4e",
              "parentUUID": "c124212c-d929-4db9-8793-ebd451eafb98",
              "isHook": false,
              "skipped": false
            },
            {
              "title": "should load the quickstart page",
              "fullTitle": "My Website should load the quickstart page",
              "timedOut": null,
              "duration": 244,
              "state": "passed",
              "speed": "fast",
              "pass": true,
              "fail": false,
              "pending": false,
              "context": null,
              "code": "cy.visit('/quickstart.html');",
              "err": {},
              "uuid": "0f7dd304-7048-416a-bac5-c10eb347fe3f",
              "parentUUID": "c124212c-d929-4db9-8793-ebd451eafb98",
              "isHook": false,
              "skipped": false
            }
          ],
          "suites": [],
          "passes": [
            "177dbaad-84b9-48f9-baa6-af3f0c756b0e",
            "fc56a410-13cb-4668-bda6-5be5f077dbf9",
            "e125651d-2d1c-4a0e-a2c9-97eaf84dfb4e",
            "0f7dd304-7048-416a-bac5-c10eb347fe3f"
          ],
          "failures": [],
          "pending": [],
          "skipped": [],
          "duration": 5700,
          "root": false,
          "rootEmpty": false,
          "_timeout": 2000
        }
      ],
      "passes": [],
      "failures": [],
      "pending": [],
      "skipped": [],
      "duration": 0,
      "root": true,
      "rootEmpty": true,
      "_timeout": 2000
    }
  ],
  "meta": {
    "mocha": {
      "version": "7.0.1"
    },
    "mochawesome": {
      "options": {
        "quiet": false,
        "reportFilename": "mochawesome",
        "saveHtml": true,
        "saveJson": true,
        "consoleReporter": "spec",
        "useInlineDiffs": false,
        "code": true
      },
      "version": "7.1.3"
    },
    "marge": {
      "options": null,
      "version": "6.2.0"
    }
  }
}